<?xml version="1.0" encoding="UTF-8"?>
<testsuite xmlns:xsi="http://www.w3.org/2001/XMLSchema-instance" xsi:noNamespaceSchemaLocation="https://maven.apache.org/surefire/maven-surefire-plugin/xsd/surefire-test-report-3.0.xsd" version="3.0" name="HomeWork.AccountTests" time="6.083" tests="4" errors="0" skipped="0" failures="0">
  <properties>
[...]
</properties>
  <testcase name="getAccountInfoWithAssertionsInGivenTest" classname="HomeWork.AccountTests" time="3.061">
    <system-out><![CDATA[Request method:	GET
Request URI:	https://api.imgur.com/3/account/AnnaSmotrova
HTTP/1.1 200 OK
Connection: keep-alive
Content-Type: application/json
Access-Control-Expose-Headers: X-RateLimit-ClientLimit, X-RateLimit-ClientRemaining, X-RateLimit-UserLimit, X-RateLimit-UserRemaining, X-RateLimit-UserReset, Geo-City, Geo-Region, Geo-Metro-Code, Geo-Country-Code
X-RateLimit-ClientLimit: 12500
X-RateLimit-ClientRemaining: 12456
X-RateLimit-UserLimit: 2000
X-RateLimit-UserRemaining: 1984
X-RateLimit-UserReset: 1639061297
ETag: W/"eb75c2746e89eee2bb43baee2f8e837d21051ac8"
Cache-Control: no-store, no-cache, must-revalidate, post-check=0, pre-check=0
Content-Encoding: gzip
Accept-Ranges: bytes
Date: Thu, 09 Dec 2021 13:57:35 GMT
X-Served-By: cache-bma1683-BMA
X-Cache: MISS
X-Cache-Hits: 0
X-Timer: S1639058255.010869,VS0,VE133
Vary: Accept-Encoding
access-control-allow-methods: GET, PUT, POST, PATCH, DELETE, OPTIONS
Server: cat factory 1.0
Access-Control-Allow-Origin: *
Access-Control-Allow-Credentials: true
X-Frame-Options: DENY
Access-Control-Allow-Headers: Authorization, Content-Type, Accept, X-Mashape-Authorization, IMGURPLATFORM, IMGURUIDJAFO, sessionCount, IMGURMWBETA, IMGURMWBETAOPTIN, X-expSNKPK127, X-Imgur-Defender-Bypass
transfer-encoding: chunked

{
    "data": {
        "id": 84578389,
        "url": "AnnaSmotrova",
        "bio": "system Electronics Handcrafted migration Dakota",
        "avatar": "https://imgur.com/user/AnnaSmotrova/avatar?maxwidth=290",
        "avatar_name": "default/A",
        "cover": "https://imgur.com/user/AnnaSmotrova/cover?maxwidth=2560",
        "cover_name": "default/1-space",
        "reputation": 0,
        "reputation_name": "Neutral",
        "created": 1522257832,
        "pro_expiration": false,
        "user_follow": {
            "status": false
        },
        "is_blocked": false
    },
    "success": true,
    "status": 200
}
]]></system-out>
  </testcase>
  <testcase name="getAccountInfoTest" classname="HomeWork.AccountTests" time="0.743"/>
  <testcase name="getAccountInfoWithLoggingTest" classname="HomeWork.AccountTests" time="0.53">
    <system-out><![CDATA[Request method:	GET
Request URI:	https://api.imgur.com/3/account/AnnaSmotrova
HTTP/1.1 200 OK
Connection: keep-alive
Content-Type: application/json
Access-Control-Expose-Headers: X-RateLimit-ClientLimit, X-RateLimit-ClientRemaining, X-RateLimit-UserLimit, X-RateLimit-UserRemaining, X-RateLimit-UserReset, Geo-City, Geo-Region, Geo-Metro-Code, Geo-Country-Code
X-RateLimit-ClientLimit: 12500
X-RateLimit-ClientRemaining: 12454
X-RateLimit-UserLimit: 2000
X-RateLimit-UserRemaining: 1982
X-RateLimit-UserReset: 1639061297
ETag: W/"eb75c2746e89eee2bb43baee2f8e837d21051ac8"
Cache-Control: no-store, no-cache, must-revalidate, post-check=0, pre-check=0
Content-Encoding: gzip
Accept-Ranges: bytes
Date: Thu, 09 Dec 2021 13:57:37 GMT
X-Served-By: cache-bma1623-BMA
X-Cache: MISS
X-Cache-Hits: 0
X-Timer: S1639058257.239065,VS0,VE128
Vary: Accept-Encoding
access-control-allow-methods: GET, PUT, POST, PATCH, DELETE, OPTIONS
Server: cat factory 1.0
Access-Control-Allow-Origin: *
Access-Control-Allow-Credentials: true
X-Frame-Options: DENY
Access-Control-Allow-Headers: Authorization, Content-Type, Accept, X-Mashape-Authorization, IMGURPLATFORM, IMGURUIDJAFO, sessionCount, IMGURMWBETA, IMGURMWBETAOPTIN, X-expSNKPK127, X-Imgur-Defender-Bypass
transfer-encoding: chunked

{
    "data": {
        "id": 84578389,
        "url": "AnnaSmotrova",
        "bio": "system Electronics Handcrafted migration Dakota",
        "avatar": "https://imgur.com/user/AnnaSmotrova/avatar?maxwidth=290",
        "avatar_name": "default/A",
        "cover": "https://imgur.com/user/AnnaSmotrova/cover?maxwidth=2560",
        "cover_name": "default/1-space",
        "reputation": 0,
        "reputation_name": "Neutral",
        "created": 1522257832,
        "pro_expiration": false,
        "user_follow": {
            "status": false
        },
        "is_blocked": false
    },
    "success": true,
    "status": 200
}
]]></system-out>
  </testcase>
  <testcase name="getAccountInfoWithAssertionsAfterTest" classname="HomeWork.AccountTests" time="0.847">
    <system-out><![CDATA[Request method:	GET
Request URI:	https://api.imgur.com/3/account/AnnaSmotrova
HTTP/1.1 200 OK
Connection: keep-alive
Content-Type: application/json
Access-Control-Expose-Headers: X-RateLimit-ClientLimit, X-RateLimit-ClientRemaining, X-RateLimit-UserLimit, X-RateLimit-UserRemaining, X-RateLimit-UserReset, Geo-City, Geo-Region, Geo-Metro-Code, Geo-Country-Code
X-RateLimit-ClientLimit: 12500
X-RateLimit-ClientRemaining: 12453
X-RateLimit-UserLimit: 2000
X-RateLimit-UserRemaining: 1981
X-RateLimit-UserReset: 1639061297
ETag: W/"eb75c2746e89eee2bb43baee2f8e837d21051ac8"
Cache-Control: no-store, no-cache, must-revalidate, post-check=0, pre-check=0
Content-Encoding: gzip
Accept-Ranges: bytes
Date: Thu, 09 Dec 2021 13:57:38 GMT
X-Served-By: cache-bma1676-BMA
X-Cache: MISS
X-Cache-Hits: 0
X-Timer: S1639058258.825604,VS0,VE314
Vary: Accept-Encoding
access-control-allow-methods: GET, PUT, POST, PATCH, DELETE, OPTIONS
Server: cat factory 1.0
Access-Control-Allow-Origin: *
Access-Control-Allow-Credentials: true
X-Frame-Options: DENY
Access-Control-Allow-Headers: Authorization, Content-Type, Accept, X-Mashape-Authorization, IMGURPLATFORM, IMGURUIDJAFO, sessionCount, IMGURMWBETA, IMGURMWBETAOPTIN, X-expSNKPK127, X-Imgur-Defender-Bypass
transfer-encoding: chunked

{
    "data": {
        "id": 84578389,
        "url": "AnnaSmotrova",
        "bio": "system Electronics Handcrafted migration Dakota",
        "avatar": "https://imgur.com/user/AnnaSmotrova/avatar?maxwidth=290",
        "avatar_name": "default/A",
        "cover": "https://imgur.com/user/AnnaSmotrova/cover?maxwidth=2560",
        "cover_name": "default/1-space",
        "reputation": 0,
        "reputation_name": "Neutral",
        "created": 1522257832,
        "pro_expiration": false,
        "user_follow": {
            "status": false
        },
        "is_blocked": false
    },
    "success": true,
    "status": 200
}
]]></system-out>
  </testcase>
</testsuite>